[handleMsg]:  Message {
  _data: {
    id: {
      fromMe: false,
      remote: '595981941901@c.us',
      id: 'F265EEEDF66F8221520A84488A9F92FB',
      _serialized: 'false_595981941901@c.us_F265EEEDF66F8221520A84488A9F92FB'
    },
    body: 'Fd',
    type: 'chat',
    t: 1681611448,
    notifyName: 'Derlis',
    from: '595981941901@c.us',
    to: '595986988032@c.us',
    self: 'in',
    ack: 1,
    isNewMsg: true,
    star: false,
    kicNotified: false,
    recvFresh: true,
    isFromTemplate: false,
    pollInvalidated: false,
    isSentCagPollCreation: false,
    latestEditMsgKey: null,
    latestEditSenderTimestampMs: null,
    broadcast: false,
    mentionedJidList: [],
    groupMentions: [],
    isVcardOverMmsDocument: false,
    isForwarded: false,
    hasReaction: false,
    productHeaderImageRejected: false,
    lastPlaybackProgress: 0,
    isDynamicReplyButtonsMsg: false,
    isMdHistoryMsg: false,
    stickerSentTs: 0,
    isAvatar: false,
    requiresDirectConnection: false,
    links: []
  },
  mediaKey: undefined,
  id: {
    fromMe: false,
    remote: '595981941901@c.us',
    id: 'F265EEEDF66F8221520A84488A9F92FB',
    _serialized: 'false_595981941901@c.us_F265EEEDF66F8221520A84488A9F92FB'
  },
  ack: 1,
  hasMedia: false,
  body: 'Fd',
  type: 'chat',
  timestamp: 1681611448,
  from: '595981941901',
  to: '595986988032@c.us',
  author: undefined,
  deviceType: 'android',
  isForwarded: false,
  forwardingScore: 0,
  isStatus: undefined,
  isStarred: false,
  broadcast: false,
  fromMe: false,
  hasQuotedMsg: false,
  duration: undefined,
  location: undefined,
  vCards: [],
  inviteV4: undefined,
  mentionedIds: [],
  orderId: undefined,
  token: undefined,
  isGif: false,
  isEphemeral: undefined,
  links: []
}
[handleMsg]:  Message {
  _data: {
    id: {
      fromMe: false,
      remote: '595981941901@c.us',
      id: '8031E0563C28CC0CC495EE0008A25529',
      _serialized: 'false_595981941901@c.us_8031E0563C28CC0CC495EE0008A25529'
    },
    body: 'Si',
    type: 'chat',
    t: 1681611450,
    notifyName: 'Derlis',
    from: '595981941901@c.us',
    to: '595986988032@c.us',
    self: 'in',
    ack: 1,
    isNewMsg: true,
    star: false,
    kicNotified: false,
    recvFresh: true,
    isFromTemplate: false,
    pollInvalidated: false,
    isSentCagPollCreation: false,
    latestEditMsgKey: null,
    latestEditSenderTimestampMs: null,
    broadcast: false,
    mentionedJidList: [],
    groupMentions: [],
    isVcardOverMmsDocument: false,
    isForwarded: false,
    hasReaction: false,
    productHeaderImageRejected: false,
    lastPlaybackProgress: 0,
    isDynamicReplyButtonsMsg: false,
    isMdHistoryMsg: false,
    stickerSentTs: 0,
    isAvatar: false,
    requiresDirectConnection: false,
    links: []
  },
  mediaKey: undefined,
  id: {
    fromMe: false,
    remote: '595981941901@c.us',
    id: '8031E0563C28CC0CC495EE0008A25529',
    _serialized: 'false_595981941901@c.us_8031E0563C28CC0CC495EE0008A25529'
  },
  ack: 1,
  hasMedia: false,
  body: 'Si',
  type: 'chat',
  timestamp: 1681611450,
  from: '595981941901',
  to: '595986988032@c.us',
  author: undefined,
  deviceType: 'android',
  isForwarded: false,
  forwardingScore: 0,
  isStatus: undefined,
  isStarred: false,
  broadcast: false,
  fromMe: false,
  hasQuotedMsg: false,
  duration: undefined,
  location: undefined,
  vCards: [],
  inviteV4: undefined,
  mentionedIds: [],
  orderId: undefined,
  token: undefined,
  isGif: false,
  isEphemeral: undefined,
  links: []
}
[handleMsg]:  Message {
  _data: {
    id: {
      fromMe: false,
      remote: '595981941901@c.us',
      id: 'D462FE66F6BF563D96DC4026FFDD82FB',
      _serialized: 'false_595981941901@c.us_D462FE66F6BF563D96DC4026FFDD82FB'
    },
    body: '6014763',
    type: 'chat',
    t: 1681611453,
    notifyName: 'Derlis',
    from: '595981941901@c.us',
    to: '595986988032@c.us',
    self: 'in',
    ack: 1,
    isNewMsg: true,
    star: false,
    kicNotified: false,
    recvFresh: true,
    isFromTemplate: false,
    pollInvalidated: false,
    isSentCagPollCreation: false,
    latestEditMsgKey: null,
    latestEditSenderTimestampMs: null,
    broadcast: false,
    mentionedJidList: [],
    groupMentions: [],
    isVcardOverMmsDocument: false,
    isForwarded: false,
    hasReaction: false,
    productHeaderImageRejected: false,
    lastPlaybackProgress: 0,
    isDynamicReplyButtonsMsg: false,
    isMdHistoryMsg: false,
    stickerSentTs: 0,
    isAvatar: false,
    requiresDirectConnection: false,
    links: []
  },
  mediaKey: undefined,
  id: {
    fromMe: false,
    remote: '595981941901@c.us',
    id: 'D462FE66F6BF563D96DC4026FFDD82FB',
    _serialized: 'false_595981941901@c.us_D462FE66F6BF563D96DC4026FFDD82FB'
  },
  ack: 1,
  hasMedia: false,
  body: '6014763',
  type: 'chat',
  timestamp: 1681611453,
  from: '595981941901',
  to: '595986988032@c.us',
  author: undefined,
  deviceType: 'android',
  isForwarded: false,
  forwardingScore: 0,
  isStatus: undefined,
  isStarred: false,
  broadcast: false,
  fromMe: false,
  hasQuotedMsg: false,
  duration: undefined,
  location: undefined,
  vCards: [],
  inviteV4: undefined,
  mentionedIds: [],
  orderId: undefined,
  token: undefined,
  isGif: false,
  isEphemeral: undefined,
  links: []
}
[handleMsg]:  Message {
  _data: {
    id: {
      fromMe: false,
      remote: '595985173544@c.us',
      id: 'AD049711CFFB96D970672F21D2AB2981',
      _serialized: 'false_595985173544@c.us_AD049711CFFB96D970672F21D2AB2981'
    },
    body: 'Hola',
    type: 'chat',
    t: 1681611454,
    notifyName: 'Katya Vázquez',
    from: '595985173544@c.us',
    to: '595986988032@c.us',
    self: 'in',
    ack: 1,
    isNewMsg: true,
    star: false,
    kicNotified: false,
    recvFresh: true,
    isFromTemplate: false,
    pollInvalidated: false,
    isSentCagPollCreation: false,
    latestEditMsgKey: null,
    latestEditSenderTimestampMs: null,
    broadcast: false,
    mentionedJidList: [],
    groupMentions: [],
    isVcardOverMmsDocument: false,
    isForwarded: false,
    hasReaction: false,
    productHeaderImageRejected: false,
    lastPlaybackProgress: 0,
    isDynamicReplyButtonsMsg: false,
    isMdHistoryMsg: false,
    stickerSentTs: 0,
    isAvatar: false,
    requiresDirectConnection: false,
    links: []
  },
  mediaKey: undefined,
  id: {
    fromMe: false,
    remote: '595985173544@c.us',
    id: 'AD049711CFFB96D970672F21D2AB2981',
    _serialized: 'false_595985173544@c.us_AD049711CFFB96D970672F21D2AB2981'
  },
  ack: 1,
  hasMedia: false,
  body: 'Hola',
  type: 'chat',
  timestamp: 1681611454,
  from: '595985173544',
  to: '595986988032@c.us',
  author: undefined,
  deviceType: 'android',
  isForwarded: false,
  forwardingScore: 0,
  isStatus: undefined,
  isStarred: false,
  broadcast: false,
  fromMe: false,
  hasQuotedMsg: false,
  duration: undefined,
  location: undefined,
  vCards: [],
  inviteV4: undefined,
  mentionedIds: [],
  orderId: undefined,
  token: undefined,
  isGif: false,
  isEphemeral: undefined,
  links: []
}
[handleMsg]:  Message {
  _data: {
    id: {
      fromMe: false,
      remote: '595985173544@c.us',
      id: '96637BD3D3B7BA13F5BD54EB9BB201E8',
      _serialized: 'false_595985173544@c.us_96637BD3D3B7BA13F5BD54EB9BB201E8'
    },
    body: 'Si',
    type: 'chat',
    t: 1681611470,
    notifyName: 'Katya Vázquez',
    from: '595985173544@c.us',
    to: '595986988032@c.us',
    self: 'in',
    ack: 1,
    isNewMsg: true,
    star: false,
    kicNotified: false,
    recvFresh: true,
    isFromTemplate: false,
    pollInvalidated: false,
    isSentCagPollCreation: false,
    latestEditMsgKey: null,
    latestEditSenderTimestampMs: null,
    broadcast: false,
    mentionedJidList: [],
    groupMentions: [],
    isVcardOverMmsDocument: false,
    isForwarded: false,
    hasReaction: false,
    productHeaderImageRejected: false,
    lastPlaybackProgress: 0,
    isDynamicReplyButtonsMsg: false,
    isMdHistoryMsg: false,
    stickerSentTs: 0,
    isAvatar: false,
    requiresDirectConnection: false,
    links: []
  },
  mediaKey: undefined,
  id: {
    fromMe: false,
    remote: '595985173544@c.us',
    id: '96637BD3D3B7BA13F5BD54EB9BB201E8',
    _serialized: 'false_595985173544@c.us_96637BD3D3B7BA13F5BD54EB9BB201E8'
  },
  ack: 1,
  hasMedia: false,
  body: 'Si',
  type: 'chat',
  timestamp: 1681611470,
  from: '595985173544',
  to: '595986988032@c.us',
  author: undefined,
  deviceType: 'android',
  isForwarded: false,
  forwardingScore: 0,
  isStatus: undefined,
  isStarred: false,
  broadcast: false,
  fromMe: false,
  hasQuotedMsg: false,
  duration: undefined,
  location: undefined,
  vCards: [],
  inviteV4: undefined,
  mentionedIds: [],
  orderId: undefined,
  token: undefined,
  isGif: false,
  isEphemeral: undefined,
  links: []
}
[handleMsg]:  Message {
  _data: {
    id: {
      fromMe: false,
      remote: '595983789551@c.us',
      id: '7EBF0E85AD8D51CA5A10540BD1B0C547',
      _serialized: 'false_595983789551@c.us_7EBF0E85AD8D51CA5A10540BD1B0C547'
    },
    body: 'Hola',
    type: 'chat',
    subtype: 'fanout',
    t: 1681611519,
    notifyName: 'Aníbal Díaz',
    from: '595983789551@c.us',
    to: '595986988032@c.us',
    self: 'in',
    ack: 1,
    isNewMsg: true,
    star: false,
    kicNotified: false,
    recvFresh: true,
    isFromTemplate: false,
    thumbnail: '',
    richPreviewType: 0,
    pollInvalidated: false,
    isSentCagPollCreation: false,
    latestEditMsgKey: null,
    latestEditSenderTimestampMs: null,
    broadcast: false,
    mentionedJidList: [],
    groupMentions: [],
    isVcardOverMmsDocument: false,
    isForwarded: false,
    hasReaction: false,
    inviteGrpType: 'DEFAULT',
    productHeaderImageRejected: false,
    lastPlaybackProgress: 0,
    isDynamicReplyButtonsMsg: false,
    isMdHistoryMsg: false,
    stickerSentTs: 0,
    isAvatar: false,
    requiresDirectConnection: false,
    links: []
  },
  mediaKey: undefined,
  id: {
    fromMe: false,
    remote: '595983789551@c.us',
    id: '7EBF0E85AD8D51CA5A10540BD1B0C547',
    _serialized: 'false_595983789551@c.us_7EBF0E85AD8D51CA5A10540BD1B0C547'
  },
  ack: 1,
  hasMedia: false,
  body: 'Hola',
  type: 'chat',
  timestamp: 1681611519,
  from: '595983789551',
  to: '595986988032@c.us',
  author: undefined,
  deviceType: 'android',
  isForwarded: false,
  forwardingScore: 0,
  isStatus: undefined,
  isStarred: false,
  broadcast: false,
  fromMe: false,
  hasQuotedMsg: false,
  duration: undefined,
  location: undefined,
  vCards: [],
  inviteV4: undefined,
  mentionedIds: [],
  orderId: undefined,
  token: undefined,
  isGif: false,
  isEphemeral: undefined,
  links: []
}
[handleMsg]:  Message {
  _data: {
    id: {
      fromMe: false,
      remote: '595983789551@c.us',
      id: '1BA4FCCD9E48EBE81CB694C2DC9F4325',
      _serialized: 'false_595983789551@c.us_1BA4FCCD9E48EBE81CB694C2DC9F4325'
    },
    body: 'Si',
    type: 'chat',
    t: 1681611524,
    notifyName: 'Aníbal Díaz',
    from: '595983789551@c.us',
    to: '595986988032@c.us',
    self: 'in',
    ack: 1,
    isNewMsg: true,
    star: false,
    kicNotified: false,
    recvFresh: true,
    isFromTemplate: false,
    pollInvalidated: false,
    isSentCagPollCreation: false,
    latestEditMsgKey: null,
    latestEditSenderTimestampMs: null,
    broadcast: false,
    mentionedJidList: [],
    groupMentions: [],
    isVcardOverMmsDocument: false,
    isForwarded: false,
    hasReaction: false,
    productHeaderImageRejected: false,
    lastPlaybackProgress: 0,
    isDynamicReplyButtonsMsg: false,
    isMdHistoryMsg: false,
    stickerSentTs: 0,
    isAvatar: false,
    requiresDirectConnection: false,
    links: []
  },
  mediaKey: undefined,
  id: {
    fromMe: false,
    remote: '595983789551@c.us',
    id: '1BA4FCCD9E48EBE81CB694C2DC9F4325',
    _serialized: 'false_595983789551@c.us_1BA4FCCD9E48EBE81CB694C2DC9F4325'
  },
  ack: 1,
  hasMedia: false,
  body: 'Si',
  type: 'chat',
  timestamp: 1681611524,
  from: '595983789551',
  to: '595986988032@c.us',
  author: undefined,
  deviceType: 'android',
  isForwarded: false,
  forwardingScore: 0,
  isStatus: undefined,
  isStarred: false,
  broadcast: false,
  fromMe: false,
  hasQuotedMsg: false,
  duration: undefined,
  location: undefined,
  vCards: [],
  inviteV4: undefined,
  mentionedIds: [],
  orderId: undefined,
  token: undefined,
  isGif: false,
  isEphemeral: undefined,
  links: []
}
[handleMsg]:  Message {
  _data: {
    id: {
      fromMe: false,
      remote: '595983789551@c.us',
      id: 'D35D6537E7EC558A827766B462ECC1A6',
      _serialized: 'false_595983789551@c.us_D35D6537E7EC558A827766B462ECC1A6'
    },
    body: '6225824',
    type: 'chat',
    t: 1681611532,
    notifyName: 'Aníbal Díaz',
    from: '595983789551@c.us',
    to: '595986988032@c.us',
    self: 'in',
    ack: 1,
    isNewMsg: true,
    star: false,
    kicNotified: false,
    recvFresh: true,
    isFromTemplate: false,
    pollInvalidated: false,
    isSentCagPollCreation: false,
    latestEditMsgKey: null,
    latestEditSenderTimestampMs: null,
    broadcast: false,
    mentionedJidList: [],
    groupMentions: [],
    isVcardOverMmsDocument: false,
    isForwarded: false,
    hasReaction: false,
    productHeaderImageRejected: false,
    lastPlaybackProgress: 0,
    isDynamicReplyButtonsMsg: false,
    isMdHistoryMsg: false,
    stickerSentTs: 0,
    isAvatar: false,
    requiresDirectConnection: false,
    links: []
  },
  mediaKey: undefined,
  id: {
    fromMe: false,
    remote: '595983789551@c.us',
    id: 'D35D6537E7EC558A827766B462ECC1A6',
    _serialized: 'false_595983789551@c.us_D35D6537E7EC558A827766B462ECC1A6'
  },
  ack: 1,
  hasMedia: false,
  body: '6225824',
  type: 'chat',
  timestamp: 1681611532,
  from: '595983789551',
  to: '595986988032@c.us',
  author: undefined,
  deviceType: 'android',
  isForwarded: false,
  forwardingScore: 0,
  isStatus: undefined,
  isStarred: false,
  broadcast: false,
  fromMe: false,
  hasQuotedMsg: false,
  duration: undefined,
  location: undefined,
  vCards: [],
  inviteV4: undefined,
  mentionedIds: [],
  orderId: undefined,
  token: undefined,
  isGif: false,
  isEphemeral: undefined,
  links: []
}
